2015-11-23 17:22:31 TRACE ToyStoreLogger:45 - You Product Has Been Added!
2015-11-23 17:22:31 TRACE ToyStoreLogger:72 - Product Was Read: 10 Barbie Male Version 11.99 0

2015-11-23 17:22:31 TRACE ToyStoreLogger:109 - You Product Has Been Updated!
2015-11-23 17:22:31 TRACE ToyStoreLogger:129 - You Product Has Been Deleted!
2015-11-23 17:22:41 TRACE ToyStoreLogger:50 - Your Orders with ID '1' Have Been Added!

2015-11-23 17:22:42 TRACE ToyStoreLogger:79 - Order Was Read: 1 Buzz Lightyear(id: 1) Infinity And Beyond
2015-11-23 17:22:42 TRACE ToyStoreLogger:79 - Order Was Read: 2 Buzz Lightyear(id: 1) Infinity And Beyond
2015-11-23 17:22:42 TRACE ToyStoreLogger:83 - Orders with ID '1' have been read.

2015-11-23 17:22:42 TRACE ToyStoreLogger:111 - Your Orders with ID '1' Have Been Updated!

2015-11-23 17:22:42 TRACE ToyStoreLogger:139 - Your Orders with ID '1' Have Been Deleted!

2015-11-23 17:22:42 INFO  Version:15 - Hibernate EntityManager 3.2.1.GA
2015-11-23 17:22:42 INFO  Version:15 - Hibernate Annotations 3.2.1.GA
2015-11-23 17:22:42 INFO  Environment:509 - Hibernate 3.2.2
2015-11-23 17:22:42 INFO  Environment:542 - hibernate.properties not found
2015-11-23 17:22:42 INFO  Environment:676 - Bytecode provider name : cglib
2015-11-23 17:22:42 INFO  Environment:593 - using JDK 1.4 java.sql.Timestamp handling
2015-11-23 17:22:42 DEBUG Ejb3Configuration:199 - Look up for persistence unit: DAOToysJPA
2015-11-23 17:22:42 DEBUG Ejb3Configuration:211 - Analyse of persistence.xml: file:/H:/Java/OnlineToyStore/target/classes/META-INF/persistence.xml
2015-11-23 17:22:42 DEBUG PersistenceXmlLoader:147 - Persistent Unit name from persistence.xml: DAOToysJPA
2015-11-23 17:22:42 DEBUG Ejb3Configuration:218 - PersistenceMetadata [
	name: DAOToysJPA
	jtaDataSource: null
	nonJtaDataSource: null
	transactionType: RESOURCE_LOCAL
	provider: org.hibernate.ejb.HibernatePersistence
	classes[
	]
	packages[
	]
	mappingFiles[
	]
	jarFiles[
	]
	hbmfiles: 0
	properties[
		hibernate.c3p0.timeout: 300
		hibernate.connection.driver_class: oracle.jdbc.driver.OracleDriver
		hibernate.c3p0.max_statements: 50
		use_sql_comments: true
		hibernate.c3p0.max_size: 3
		hibernate.dialect: org.hibernate.dialect.OracleDialect
		hibernate.c3p0.idle_test_period: 3000
		hibernate.format_sql: true
		hibernate.c3p0.min_size: 2
		hibernate.connection.username: trainee1
		hibernate.hbm2ddl.auto: update
		hibernate.archive.autodetection: class
		hibernate.connection.url: jdbc:oracle:thin:@localhost:1521:XE
		hibernate.connection.password: !QAZSE4
		hibernate.show_sql: true
	]]
2015-11-23 17:22:42 DEBUG Ejb3Configuration:544 - Detect class: true; detect hbm: false
2015-11-23 17:22:42 DEBUG JarVisitor:206 - Searching mapped entities in jar/par: file:/H:/Java/OnlineToyStore/target/classes
2015-11-23 17:22:42 DEBUG JarVisitor:246 - Filtering: com.fdmgroup.toystore.DAOToJDBC.DAO
2015-11-23 17:22:42 DEBUG JarVisitor:246 - Filtering: com.fdmgroup.toystore.DAOToJDBC.DAOOrdersJDBC
2015-11-23 17:22:42 DEBUG JarVisitor:246 - Filtering: com.fdmgroup.toystore.DAOToJDBC.DAOTest
2015-11-23 17:22:42 DEBUG JarVisitor:246 - Filtering: com.fdmgroup.toystore.DAOToJDBC.DAOToysJDBC
2015-11-23 17:22:42 DEBUG JarVisitor:246 - Filtering: com.fdmgroup.toystore.DAOToJDBC.DAOToysJPA
2015-11-23 17:22:42 DEBUG JarVisitor:246 - Filtering: com.fdmgroup.toystore.exception.InventoryLowException
2015-11-23 17:22:42 DEBUG JarVisitor:246 - Filtering: com.fdmgroup.toystore.exception.OutOfStockException
2015-11-23 17:22:42 DEBUG JarVisitor:246 - Filtering: com.fdmgroup.toystore.exception.ProductRecallException
2015-11-23 17:22:42 DEBUG JarVisitor:246 - Filtering: com.fdmgroup.toystore.OrderLine
2015-11-23 17:22:42 DEBUG JarVisitor:246 - Filtering: com.fdmgroup.toystore.OrderLines
2015-11-23 17:22:42 DEBUG JarVisitor:246 - Filtering: com.fdmgroup.toystore.Product
2015-11-23 17:22:42 DEBUG JarVisitor:246 - Filtering: com.fdmgroup.toystore.Stock
2015-11-23 17:22:42 DEBUG JarVisitor:297 - Java element filter matched for com.fdmgroup.toystore.Stock
2015-11-23 17:22:42 DEBUG JarVisitor:246 - Filtering: com.fdmgroup.toystore.TestToyStore
2015-11-23 17:22:42 DEBUG JarVisitor:246 - Filtering: com.fdmgroup.toystore.ToyStore
2015-11-23 17:22:42 DEBUG JarVisitor:246 - Filtering: com.fdmgroup.toystore.ToyStoreLogger
2015-11-23 17:22:42 DEBUG Ejb3Configuration:544 - Detect class: true; detect hbm: false
2015-11-23 17:22:42 DEBUG Ejb3Configuration:151 - Creating Factory: DAOToysJPA
2015-11-23 17:22:42 DEBUG AnnotationConfiguration:235 - Execute first pass mapping processing
2015-11-23 17:22:42 DEBUG AnnotationConfiguration:435 - Process hbm files
2015-11-23 17:22:42 DEBUG AnnotationConfiguration:443 - Process annotated classes
2015-11-23 17:22:42 INFO  AnnotationBinder:388 - Binding entity from annotated class: com.fdmgroup.toystore.Stock
2015-11-23 17:22:42 DEBUG Ejb3Column:161 - Binding column DTYPE unique false
2015-11-23 17:22:42 DEBUG EntityBinder:250 - Import with entity name=Stock
2015-11-23 17:22:42 INFO  EntityBinder:378 - Bind entity com.fdmgroup.toystore.Stock on table toys
2015-11-23 17:22:42 DEBUG AnnotationBinder:944 - Processing com.fdmgroup.toystore.Stock property annotation
2015-11-23 17:22:42 DEBUG AnnotationBinder:944 - Processing com.fdmgroup.toystore.Stock field annotation
2015-11-23 17:22:42 DEBUG AnnotationBinder:1041 - Processing annotations of com.fdmgroup.toystore.Stock.productID
2015-11-23 17:22:42 DEBUG Ejb3Column:161 - Binding column toy_id unique false
2015-11-23 17:22:42 DEBUG AnnotationBinder:1162 - productID is an id
2015-11-23 17:22:42 DEBUG SimpleValueBinder:220 - building SimpleValue for productID
2015-11-23 17:22:42 DEBUG PropertyBinder:122 - Building property productID
2015-11-23 17:22:42 DEBUG PropertyBinder:155 - Cascading productID with null
2015-11-23 17:22:42 DEBUG AnnotationBinder:1195 - Bind @Id on productID
2015-11-23 17:22:42 DEBUG AnnotationBinder:1041 - Processing annotations of com.fdmgroup.toystore.Stock.productName
2015-11-23 17:22:42 DEBUG Ejb3Column:161 - Binding column toy_name unique false
2015-11-23 17:22:42 DEBUG PropertyBinder:102 - binding property productName with lazy=false
2015-11-23 17:22:42 DEBUG SimpleValueBinder:220 - building SimpleValue for productName
2015-11-23 17:22:42 DEBUG PropertyBinder:122 - Building property productName
2015-11-23 17:22:42 DEBUG PropertyBinder:155 - Cascading productName with null
2015-11-23 17:22:42 DEBUG AnnotationBinder:1041 - Processing annotations of com.fdmgroup.toystore.Stock.productDesc
2015-11-23 17:22:42 DEBUG Ejb3Column:161 - Binding column toy_desc unique false
2015-11-23 17:22:42 DEBUG PropertyBinder:102 - binding property productDesc with lazy=false
2015-11-23 17:22:42 DEBUG SimpleValueBinder:220 - building SimpleValue for productDesc
2015-11-23 17:22:42 DEBUG PropertyBinder:122 - Building property productDesc
2015-11-23 17:22:42 DEBUG PropertyBinder:155 - Cascading productDesc with null
2015-11-23 17:22:42 DEBUG AnnotationBinder:1041 - Processing annotations of com.fdmgroup.toystore.Stock.productPrice
2015-11-23 17:22:42 DEBUG Ejb3Column:161 - Binding column toy_price unique false
2015-11-23 17:22:42 DEBUG PropertyBinder:102 - binding property productPrice with lazy=false
2015-11-23 17:22:42 DEBUG SimpleValueBinder:220 - building SimpleValue for productPrice
2015-11-23 17:22:42 DEBUG PropertyBinder:122 - Building property productPrice
2015-11-23 17:22:42 DEBUG PropertyBinder:155 - Cascading productPrice with null
2015-11-23 17:22:42 DEBUG AnnotationBinder:1041 - Processing annotations of com.fdmgroup.toystore.Stock.productRecalled
2015-11-23 17:22:42 DEBUG Ejb3Column:161 - Binding column is_recalled unique false
2015-11-23 17:22:42 DEBUG PropertyBinder:102 - binding property productRecalled with lazy=false
2015-11-23 17:22:42 DEBUG SimpleValueBinder:220 - building SimpleValue for productRecalled
2015-11-23 17:22:42 DEBUG PropertyBinder:122 - Building property productRecalled
2015-11-23 17:22:42 DEBUG PropertyBinder:155 - Cascading productRecalled with null
2015-11-23 17:22:42 DEBUG AnnotationBinder:1041 - Processing annotations of com.fdmgroup.toystore.Stock.stock
2015-11-23 17:22:42 DEBUG Ejb3Column:161 - Binding column toy_stock unique false
2015-11-23 17:22:42 DEBUG PropertyBinder:102 - binding property stock with lazy=false
2015-11-23 17:22:42 DEBUG SimpleValueBinder:220 - building SimpleValue for stock
2015-11-23 17:22:42 DEBUG PropertyBinder:122 - Building property stock
2015-11-23 17:22:42 DEBUG PropertyBinder:155 - Cascading stock with null
2015-11-23 17:22:42 DEBUG AnnotationConfiguration:329 - processing manytoone fk mappings
2015-11-23 17:22:42 DEBUG Configuration:1120 - processing extends queue
2015-11-23 17:22:42 DEBUG Configuration:1124 - processing collection mappings
2015-11-23 17:22:42 DEBUG Configuration:1135 - processing native query and ResultSetMapping mappings
2015-11-23 17:22:42 DEBUG Configuration:1143 - processing association property references
2015-11-23 17:22:42 DEBUG Configuration:1165 - processing foreign key constraints
2015-11-23 17:22:42 DEBUG ClassValidator:167 - ResourceBundle ValidatorMessages not found in thread context classloader
2015-11-23 17:22:42 DEBUG ClassValidator:177 - ResourceBundle ValidatorMessages not found in Validator classloader. Delegate to org.hibernate.validator.resources.DefaultValidatorMessages
2015-11-23 17:22:42 DEBUG NamingHelper:30 - Not Ejb3Configuration to JNDI, no JNDI name configured
2015-11-23 17:22:42 DEBUG Configuration:1285 - Preparing to build session factory with filters : {}
2015-11-23 17:22:42 DEBUG AnnotationConfiguration:235 - Execute first pass mapping processing
2015-11-23 17:22:42 DEBUG AnnotationConfiguration:435 - Process hbm files
2015-11-23 17:22:42 DEBUG AnnotationConfiguration:443 - Process annotated classes
2015-11-23 17:22:42 DEBUG AnnotationConfiguration:329 - processing manytoone fk mappings
2015-11-23 17:22:42 DEBUG Configuration:1120 - processing extends queue
2015-11-23 17:22:42 DEBUG Configuration:1124 - processing collection mappings
2015-11-23 17:22:42 DEBUG Configuration:1135 - processing native query and ResultSetMapping mappings
2015-11-23 17:22:42 DEBUG Configuration:1143 - processing association property references
2015-11-23 17:22:42 DEBUG Configuration:1165 - processing foreign key constraints
2015-11-23 17:22:42 DEBUG ClassValidator:167 - ResourceBundle ValidatorMessages not found in thread context classloader
2015-11-23 17:22:42 DEBUG ClassValidator:177 - ResourceBundle ValidatorMessages not found in Validator classloader. Delegate to org.hibernate.validator.resources.DefaultValidatorMessages
2015-11-23 17:22:42 INFO  C3P0ConnectionProvider:81 - C3P0 using driver: oracle.jdbc.driver.OracleDriver at URL: jdbc:oracle:thin:@localhost:1521:XE
2015-11-23 17:22:42 INFO  C3P0ConnectionProvider:82 - Connection properties: {user=trainee1, password=****, autocommit=true, release_mode=auto}
2015-11-23 17:22:42 INFO  C3P0ConnectionProvider:85 - autocommit mode: true
2015-11-23 17:22:42 INFO  MLog:80 - MLog clients using log4j logging.
2015-11-23 17:22:42 INFO  C3P0Registry:204 - Initializing c3p0-0.9.1 [built 16-January-2007 14:46:42; debug? true; trace: 10]
2015-11-23 17:22:42 DEBUG DynamicPooledDataSourceManagerMBean:235 - MBean: com.mchange.v2.c3p0:type=PooledDataSource[2s30jo9df3szly1hyc9gl|44d990] registered.
2015-11-23 17:22:42 DEBUG DynamicPooledDataSourceManagerMBean:231 - MBean: com.mchange.v2.c3p0:type=PooledDataSource[2s30jo9df3szly1hyc9gl|44d990] unregistered, in order to be reregistered after update.
2015-11-23 17:22:42 DEBUG DynamicPooledDataSourceManagerMBean:235 - MBean: com.mchange.v2.c3p0:type=PooledDataSource[2s30jo9df3szly1hyc9gl|44d990] registered.
2015-11-23 17:22:42 INFO  AbstractPoolBackedDataSource:462 - Initializing c3p0 pool... com.mchange.v2.c3p0.PoolBackedDataSource@d64ec9a5 [ connectionPoolDataSource -> com.mchange.v2.c3p0.WrapperConnectionPoolDataSource@9a2aa794 [ acquireIncrement -> 3, acquireRetryAttempts -> 30, acquireRetryDelay -> 1000, autoCommitOnClose -> false, automaticTestTable -> null, breakAfterAcquireFailure -> false, checkoutTimeout -> 0, connectionCustomizerClassName -> null, connectionTesterClassName -> com.mchange.v2.c3p0.impl.DefaultConnectionTester, debugUnreturnedConnectionStackTraces -> false, factoryClassLocation -> null, forceIgnoreUnresolvedTransactions -> false, identityToken -> 2s30jo9df3szly1hyc9gl|1117a20, idleConnectionTestPeriod -> 3000, initialPoolSize -> 2, maxAdministrativeTaskTime -> 0, maxConnectionAge -> 0, maxIdleTime -> 300, maxIdleTimeExcessConnections -> 0, maxPoolSize -> 3, maxStatements -> 50, maxStatementsPerConnection -> 0, minPoolSize -> 2, nestedDataSource -> com.mchange.v2.c3p0.DriverManagerDataSource@9b9fd4ba [ description -> null, driverClass -> null, factoryClassLocation -> null, identityToken -> 2s30jo9df3szly1hyc9gl|104fc23, jdbcUrl -> jdbc:oracle:thin:@localhost:1521:XE, properties -> {user=******, password=******, autocommit=true, release_mode=auto} ], preferredTestQuery -> null, propertyCycle -> 0, testConnectionOnCheckin -> false, testConnectionOnCheckout -> false, unreturnedConnectionTimeout -> 0, usesTraditionalReflectiveProxies -> false; userOverrides: {} ], dataSourceName -> null, factoryClassLocation -> null, identityToken -> 2s30jo9df3szly1hyc9gl|44d990, numHelperThreads -> 3 ]
2015-11-23 17:22:42 DEBUG BasicResourcePool:404 - incremented pending_acquires: 1
2015-11-23 17:22:42 DEBUG BasicResourcePool:404 - incremented pending_acquires: 2
2015-11-23 17:22:42 DEBUG BasicResourcePool:289 - com.mchange.v2.resourcepool.BasicResourcePool@15b1773 config: [start -> 2; min -> 2; max -> 3; inc -> 3; num_acq_attempts -> 30; acq_attempt_delay -> 1000; check_idle_resources_delay -> 3000000; mox_resource_age -> 0; max_idle_time -> 300000; excess_max_idle_time -> 0; destroy_unreturned_resc_time -> 0; expiration_enforcement_delay -> 75000; break_on_acquisition_failure -> false; debug_store_checkout_exceptions -> false]
2015-11-23 17:22:42 DEBUG BasicResourcePool:538 - acquire test -- pool size: 0; target_pool_size: 2; desired target? 1
2015-11-23 17:22:42 DEBUG BasicResourcePool:1291 - awaitAvailable(): [unknown]
2015-11-23 17:22:42 DEBUG BasicResourcePool:1644 - trace com.mchange.v2.resourcepool.BasicResourcePool@15b1773 [managed: 0, unused: 0, excluded: 0]
2015-11-23 17:22:42 DEBUG GooGooStatementCache:297 - checkinAll(): com.mchange.v2.c3p0.stmt.GlobalMaxOnlyStatementCache stats -- total size: 0; checked out: 0; num connections: 0; num keys: 0
2015-11-23 17:22:42 DEBUG GooGooStatementCache:297 - checkinAll(): com.mchange.v2.c3p0.stmt.GlobalMaxOnlyStatementCache stats -- total size: 0; checked out: 0; num connections: 0; num keys: 0
2015-11-23 17:22:42 DEBUG C3P0PooledConnectionPool:217 - com.mchange.v2.c3p0.impl.C3P0PooledConnectionPool$1PooledConnectionResourcePoolManager@e2892b.acquireResource() returning. 
2015-11-23 17:22:42 DEBUG C3P0PooledConnectionPool:217 - com.mchange.v2.c3p0.impl.C3P0PooledConnectionPool$1PooledConnectionResourcePoolManager@e2892b.acquireResource() returning. 
2015-11-23 17:22:42 DEBUG BasicResourcePool:1644 - trace com.mchange.v2.resourcepool.BasicResourcePool@15b1773 [managed: 1, unused: 1, excluded: 0]
2015-11-23 17:22:42 DEBUG BasicResourcePool:1644 - trace com.mchange.v2.resourcepool.BasicResourcePool@15b1773 [managed: 2, unused: 1, excluded: 0] (e.g. com.mchange.v2.c3p0.impl.NewPooledConnection@13d1402)
2015-11-23 17:22:42 DEBUG BasicResourcePool:1644 - trace com.mchange.v2.resourcepool.BasicResourcePool@15b1773 [managed: 2, unused: 1, excluded: 0] (e.g. com.mchange.v2.c3p0.impl.NewPooledConnection@13d1402)
2015-11-23 17:22:42 DEBUG BasicResourcePool:422 - decremented pending_acquires: 1
2015-11-23 17:22:42 DEBUG BasicResourcePool:422 - decremented pending_acquires: 0
2015-11-23 17:22:42 INFO  SettingsFactory:89 - RDBMS: Oracle, version: Oracle Database 10g Express Edition Release 10.2.0.1.0 - Production
2015-11-23 17:22:42 INFO  SettingsFactory:90 - JDBC driver: Oracle JDBC driver, version: 10.2.0.5.0
2015-11-23 17:22:42 DEBUG GooGooStatementCache:297 - checkinAll(): com.mchange.v2.c3p0.stmt.GlobalMaxOnlyStatementCache stats -- total size: 0; checked out: 0; num connections: 0; num keys: 0
2015-11-23 17:22:42 DEBUG BasicResourcePool:1644 - trace com.mchange.v2.resourcepool.BasicResourcePool@15b1773 [managed: 2, unused: 1, excluded: 0] (e.g. com.mchange.v2.c3p0.impl.NewPooledConnection@13d1402)
2015-11-23 17:22:42 DEBUG GooGooStatementCache:297 - checkinAll(): com.mchange.v2.c3p0.stmt.GlobalMaxOnlyStatementCache stats -- total size: 0; checked out: 0; num connections: 0; num keys: 0
2015-11-23 17:22:42 INFO  Dialect:152 - Using dialect: org.hibernate.dialect.OracleDialect
2015-11-23 17:22:42 INFO  TransactionFactoryFactory:34 - Transaction strategy: org.hibernate.transaction.JDBCTransactionFactory
2015-11-23 17:22:42 INFO  TransactionManagerLookupFactory:33 - No TransactionManagerLookup configured (in JTA environment, use of read-write or transactional second-level cache is not recommended)
2015-11-23 17:22:42 INFO  SettingsFactory:143 - Automatic flush during beforeCompletion(): disabled
2015-11-23 17:22:42 INFO  SettingsFactory:147 - Automatic session close at end of transaction: disabled
2015-11-23 17:22:42 INFO  SettingsFactory:154 - JDBC batch size: 15
2015-11-23 17:22:42 INFO  SettingsFactory:157 - JDBC batch updates for versioned data: disabled
2015-11-23 17:22:42 INFO  SettingsFactory:162 - Scrollable result sets: enabled
2015-11-23 17:22:42 DEBUG SettingsFactory:166 - Wrap result sets: disabled
2015-11-23 17:22:42 INFO  SettingsFactory:170 - JDBC3 getGeneratedKeys(): disabled
2015-11-23 17:22:42 INFO  SettingsFactory:178 - Connection release mode: auto
2015-11-23 17:22:42 INFO  SettingsFactory:205 - Default batch fetch size: 1
2015-11-23 17:22:42 INFO  SettingsFactory:209 - Generate SQL with comments: disabled
2015-11-23 17:22:42 INFO  SettingsFactory:213 - Order SQL updates by primary key: disabled
2015-11-23 17:22:42 INFO  SettingsFactory:382 - Query translator: org.hibernate.hql.ast.ASTQueryTranslatorFactory
2015-11-23 17:22:42 INFO  ASTQueryTranslatorFactory:24 - Using ASTQueryTranslatorFactory
2015-11-23 17:22:42 INFO  SettingsFactory:221 - Query language substitutions: {}
2015-11-23 17:22:43 INFO  SettingsFactory:226 - JPA-QL strict compliance: enabled
2015-11-23 17:22:43 INFO  SettingsFactory:231 - Second-level cache: enabled
2015-11-23 17:22:43 INFO  SettingsFactory:235 - Query cache: disabled
2015-11-23 17:22:43 INFO  SettingsFactory:369 - Cache provider: org.hibernate.cache.NoCacheProvider
2015-11-23 17:22:43 INFO  SettingsFactory:250 - Optimize cache for minimal puts: disabled
2015-11-23 17:22:43 INFO  SettingsFactory:259 - Structured second-level cache entries: disabled
2015-11-23 17:22:43 DEBUG SQLExceptionConverterFactory:52 - Using dialect defined converter
2015-11-23 17:22:43 INFO  SettingsFactory:279 - Echoing all SQL to stdout
2015-11-23 17:22:43 INFO  SettingsFactory:286 - Statistics: disabled
2015-11-23 17:22:43 INFO  SettingsFactory:290 - Deleted entity synthetic identifier rollback: disabled
2015-11-23 17:22:43 INFO  SettingsFactory:305 - Default entity-mode: pojo
2015-11-23 17:22:43 INFO  SettingsFactory:309 - Named query checking : enabled
2015-11-23 17:22:43 DEBUG ClassValidator:167 - ResourceBundle ValidatorMessages not found in thread context classloader
2015-11-23 17:22:43 DEBUG ClassValidator:177 - ResourceBundle ValidatorMessages not found in Validator classloader. Delegate to org.hibernate.validator.resources.DefaultValidatorMessages
2015-11-23 17:22:43 INFO  SessionFactoryImpl:161 - building session factory
2015-11-23 17:22:43 DEBUG SessionFactoryImpl:173 - Session factory constructed with filter configurations : {}
2015-11-23 17:22:43 DEBUG SessionFactoryImpl:177 - instantiating session factory with properties: {java.vendor=Sun Microsystems Inc., sun.java.launcher=SUN_STANDARD, hibernate.connection.url=jdbc:oracle:thin:@localhost:1521:XE, sun.management.compiler=HotSpot Client Compiler, hibernate.ejb.discard_pc_on_close=false, use_sql_comments=true, hibernate.transaction.flush_before_completion=false, os.name=Windows 7, sun.boot.class.path=C:\Program Files (x86)\Java\jdk1.6.0_45\jre\lib\resources.jar;C:\Program Files (x86)\Java\jdk1.6.0_45\jre\lib\rt.jar;C:\Program Files (x86)\Java\jdk1.6.0_45\jre\lib\sunrsasign.jar;C:\Program Files (x86)\Java\jdk1.6.0_45\jre\lib\jsse.jar;C:\Program Files (x86)\Java\jdk1.6.0_45\jre\lib\jce.jar;C:\Program Files (x86)\Java\jdk1.6.0_45\jre\lib\charsets.jar;C:\Program Files (x86)\Java\jdk1.6.0_45\jre\lib\modules\jdk.boot.jar;C:\Program Files (x86)\Java\jdk1.6.0_45\jre\classes, sun.desktop=windows, hibernate.c3p0.max_size=3, java.vm.specification.vendor=Sun Microsystems Inc., java.runtime.version=1.6.0_45-b06, hibernate.connection.autocommit=true, hibernate.c3p0.min_size=2, user.name=yue.chen, hibernate.connection.release_mode=auto, hibernate.c3p0.timeout=300, user.language=en, sun.boot.library.path=C:\Program Files (x86)\Java\jdk1.6.0_45\jre\bin, java.version=1.6.0_45, user.timezone=America/New_York, sun.arch.data.model=32, java.endorsed.dirs=C:\Program Files (x86)\Java\jdk1.6.0_45\jre\lib\endorsed, sun.cpu.isalist=pentium_pro+mmx pentium_pro pentium+mmx pentium i486 i386 i86, sun.jnu.encoding=Cp1252, file.encoding.pkg=sun.io, file.separator=\, java.specification.name=Java Platform API Specification, hibernate.format_sql=true, java.class.version=50.0, user.country=GB, java.home=C:\Program Files (x86)\Java\jdk1.6.0_45\jre, java.vm.info=mixed mode, os.version=6.1, hibernate.transaction.factory_class=org.hibernate.transaction.JDBCTransactionFactory, hibernate.query.jpaql_strict_compliance=true, path.separator=;, java.vm.version=20.45-b01, hibernate.connection.password=!QAZSE4, user.variant=, java.awt.printerjob=sun.awt.windows.WPrinterJob, sun.io.unicode.encoding=UnicodeLittle, awt.toolkit=sun.awt.windows.WToolkit, hibernate.connection.username=trainee1, user.home=C:\Users\yue.chen, java.specification.vendor=Sun Microsystems Inc., hibernate.hbm2ddl.auto=update, java.library.path=C:\Program Files (x86)\Java\jdk1.6.0_45\bin;C:\Windows\Sun\Java\bin;C:\Windows\system32;C:\Windows;C:/Program Files (x86)/Java/jre1.8.0_51/bin/client;C:/Program Files (x86)/Java/jre1.8.0_51/bin;C:/Program Files (x86)/Java/jre1.8.0_51/lib/i386;C:\ProgramData\Oracle\Java\javapath;C:\oraclexe\app\oracle\product\10.2.0\server\bin;C:\Windows\system32;C:\Windows;C:\Windows\System32\Wbem;C:\Windows\System32\WindowsPowerShell\v1.0\;c:\Program Files (x86)\Microsoft SQL Server\100\Tools\Binn\;c:\Program Files (x86)\Microsoft SQL Server\100\DTS\Binn\;c:\Program Files (x86)\Microsoft SQL Server\100\Tools\Binn\VSShell\Common7\IDE\;c:\Program Files (x86)\Microsoft Visual Studio 9.0\Common7\IDE\PrivateAssemblies\;c:\Program Files (x86)\Microsoft ASP.NET\ASP.NET Web Pages\v1.0\;C:\Program Files (x86)\SlikSvn\bin;C:\Program Files\TortoiseSVN\bin;C:\Program Files (x86)\Java\jdk1.8.0_51;C:\Program Files (x86)\Java\jdk1.8.0_51\bin;C:\apache-maven-3.0.3\bin;C:\Program Files (x86)\IBM\Client Access\Emulator;C:\Program Files (x86)\IBM\Client Access\Shared;C:\Program Files (x86)\IBM\Client Access\;C:\Program Files (x86)\Puppet Labs\Puppet\bin;C:\Windows\system32\config\systemprofile\.dnx\bin;C:\Program Files\Microsoft DNX\Dnvm\;C:\Program Files (x86)\Windows Kits\8.1\Windows Performance Toolkit\;C:\Program Files\Microsoft SQL Server\120\Tools\Binn\;C:\eclipse mars;;., java.vendor.url=http://java.sun.com/, hibernate.connection.driver_class=oracle.jdbc.driver.OracleDriver, java.vm.vendor=Sun Microsystems Inc., hibernate.dialect=org.hibernate.dialect.OracleDialect, java.runtime.name=Java(TM) SE Runtime Environment, hibernate.archive.autodetection=class, sun.java.command=com.fdmgroup.toystore.DAOToJDBC.DAOTest, java.class.path=H:\Java\OnlineToyStore\target\classes;C:\eclipse mars\plugins\org.junit_4.12.0.v201504281640\junit.jar;C:\eclipse mars\plugins\org.hamcrest.core_1.3.0.v201303031735.jar;H:\Java\00 Jar Files\ojdbc14.jar;C:\JavaWorkspace\MavenRepository\.m2\repository\log4j\log4j\1.2.17\log4j-1.2.17.jar;C:\JavaWorkspace\MavenRepository\.m2\repository\org\mockito\mockito-all\1.10.19\mockito-all-1.10.19.jar;C:\JavaWorkspace\MavenRepository\.m2\repository\org\hibernate\hibernate\3.2.2.ga\hibernate-3.2.2.ga.jar;C:\JavaWorkspace\MavenRepository\.m2\repository\net\sf\ehcache\ehcache\1.2.3\ehcache-1.2.3.jar;C:\JavaWorkspace\MavenRepository\.m2\repository\javax\transaction\jta\1.0.1B\jta-1.0.1B.jar;C:\JavaWorkspace\MavenRepository\.m2\repository\commons-logging\commons-logging\1.0.4\commons-logging-1.0.4.jar;C:\JavaWorkspace\MavenRepository\.m2\repository\asm\asm-attrs\1.5.3\asm-attrs-1.5.3.jar;C:\JavaWorkspace\MavenRepository\.m2\repository\dom4j\dom4j\1.6.1\dom4j-1.6.1.jar;C:\JavaWorkspace\MavenRepository\.m2\repository\antlr\antlr\2.7.6\antlr-2.7.6.jar;C:\JavaWorkspace\MavenRepository\.m2\repository\cglib\cglib\2.1_3\cglib-2.1_3.jar;C:\JavaWorkspace\MavenRepository\.m2\repository\asm\asm\1.5.3\asm-1.5.3.jar;C:\JavaWorkspace\MavenRepository\.m2\repository\commons-collections\commons-collections\2.1.1\commons-collections-2.1.1.jar;C:\JavaWorkspace\MavenRepository\.m2\repository\org\hibernate\hibernate-annotations\3.2.1.ga\hibernate-annotations-3.2.1.ga.jar;C:\JavaWorkspace\MavenRepository\.m2\repository\javax\persistence\persistence-api\1.0\persistence-api-1.0.jar;C:\JavaWorkspace\MavenRepository\.m2\repository\org\hibernate\hibernate-entitymanager\3.2.1.ga\hibernate-entitymanager-3.2.1.ga.jar;C:\JavaWorkspace\MavenRepository\.m2\repository\jboss\javassist\3.3.ga\javassist-3.3.ga.jar;C:\JavaWorkspace\MavenRepository\.m2\repository\jboss\jboss-archive-browsing\5.0.0alpha-200607201-119\jboss-archive-browsing-5.0.0alpha-200607201-119.jar;C:\JavaWorkspace\MavenRepository\.m2\repository\org\hibernate\hibernate-tools\3.2.0.beta9a\hibernate-tools-3.2.0.beta9a.jar;C:\JavaWorkspace\MavenRepository\.m2\repository\freemarker\freemarker\2.3.4\freemarker-2.3.4.jar;C:\JavaWorkspace\MavenRepository\.m2\repository\org\hibernate\jtidy\r8-20060801\jtidy-r8-20060801.jar;C:\JavaWorkspace\MavenRepository\.m2\repository\c3p0\c3p0\0.9.1\c3p0-0.9.1.jar, hibernate.bytecode.use_reflection_optimizer=false, java.vm.specification.name=Java Virtual Machine Specification, java.vm.specification.version=1.0, sun.cpu.endian=little, sun.os.patch.level=Service Pack 1, java.io.tmpdir=C:\Users\YUE~1.CHE\AppData\Local\Temp\, java.vendor.url.bug=http://java.sun.com/cgi-bin/bugreport.cgi, os.arch=x86, java.awt.graphicsenv=sun.awt.Win32GraphicsEnvironment, java.ext.dirs=C:\Program Files (x86)\Java\jdk1.6.0_45\jre\lib\ext;C:\Windows\Sun\Java\lib\ext, user.dir=H:\Java\OnlineToyStore, hibernate.c3p0.idle_test_period=3000, line.separator=
, java.vm.name=Java HotSpot(TM) Client VM, file.encoding=Cp1252, hibernate.use_identifier_rollback=false, java.specification.version=1.6, hibernate.c3p0.max_statements=50, hibernate.show_sql=true}
2015-11-23 17:22:43 DEBUG AbstractEntityPersister:2734 - Static SQL for entity: com.fdmgroup.toystore.Stock
2015-11-23 17:22:43 DEBUG AbstractEntityPersister:2739 -  Version select: select toy_id from toys where toy_id =?
2015-11-23 17:22:43 DEBUG AbstractEntityPersister:2742 -  Snapshot select: select stock_.toy_id, stock_.toy_name as toy2_0_, stock_.toy_desc as toy3_0_, stock_.toy_price as toy4_0_, stock_.is_recalled as is5_0_, stock_.toy_stock as toy6_0_ from toys stock_ where stock_.toy_id=?
2015-11-23 17:22:43 DEBUG AbstractEntityPersister:2745 -  Insert 0: insert into toys (toy_name, toy_desc, toy_price, is_recalled, toy_stock, toy_id) values (?, ?, ?, ?, ?, ?)
2015-11-23 17:22:43 DEBUG AbstractEntityPersister:2746 -  Update 0: update toys set toy_name=?, toy_desc=?, toy_price=?, is_recalled=?, toy_stock=? where toy_id=?
2015-11-23 17:22:43 DEBUG AbstractEntityPersister:2747 -  Delete 0: delete from toys where toy_id=?
2015-11-23 17:22:43 DEBUG EntityLoader:79 - Static select for entity com.fdmgroup.toystore.Stock: select stock0_.toy_id as toy1_0_0_, stock0_.toy_name as toy2_0_0_, stock0_.toy_desc as toy3_0_0_, stock0_.toy_price as toy4_0_0_, stock0_.is_recalled as is5_0_0_, stock0_.toy_stock as toy6_0_0_ from toys stock0_ where stock0_.toy_id=?
2015-11-23 17:22:43 DEBUG EntityLoader:79 - Static select for entity com.fdmgroup.toystore.Stock: select stock0_.toy_id as toy1_0_0_, stock0_.toy_name as toy2_0_0_, stock0_.toy_desc as toy3_0_0_, stock0_.toy_price as toy4_0_0_, stock0_.is_recalled as is5_0_0_, stock0_.toy_stock as toy6_0_0_ from toys stock0_ where stock0_.toy_id=?
2015-11-23 17:22:43 DEBUG EntityLoader:79 - Static select for entity com.fdmgroup.toystore.Stock: select stock0_.toy_id as toy1_0_0_, stock0_.toy_name as toy2_0_0_, stock0_.toy_desc as toy3_0_0_, stock0_.toy_price as toy4_0_0_, stock0_.is_recalled as is5_0_0_, stock0_.toy_stock as toy6_0_0_ from toys stock0_ where stock0_.toy_id=? for update
2015-11-23 17:22:43 DEBUG EntityLoader:79 - Static select for entity com.fdmgroup.toystore.Stock: select stock0_.toy_id as toy1_0_0_, stock0_.toy_name as toy2_0_0_, stock0_.toy_desc as toy3_0_0_, stock0_.toy_price as toy4_0_0_, stock0_.is_recalled as is5_0_0_, stock0_.toy_stock as toy6_0_0_ from toys stock0_ where stock0_.toy_id=? for update nowait
2015-11-23 17:22:43 DEBUG EntityLoader:79 - Static select for entity com.fdmgroup.toystore.Stock: select stock0_.toy_id as toy1_0_0_, stock0_.toy_name as toy2_0_0_, stock0_.toy_desc as toy3_0_0_, stock0_.toy_price as toy4_0_0_, stock0_.is_recalled as is5_0_0_, stock0_.toy_stock as toy6_0_0_ from toys stock0_ where stock0_.toy_id=? for update nowait
2015-11-23 17:22:43 DEBUG EntityLoader:34 - Static select for action ACTION_MERGE on entity com.fdmgroup.toystore.Stock: select stock0_.toy_id as toy1_0_0_, stock0_.toy_name as toy2_0_0_, stock0_.toy_desc as toy3_0_0_, stock0_.toy_price as toy4_0_0_, stock0_.is_recalled as is5_0_0_, stock0_.toy_stock as toy6_0_0_ from toys stock0_ where stock0_.toy_id=?
2015-11-23 17:22:43 DEBUG EntityLoader:34 - Static select for action ACTION_REFRESH on entity com.fdmgroup.toystore.Stock: select stock0_.toy_id as toy1_0_0_, stock0_.toy_name as toy2_0_0_, stock0_.toy_desc as toy3_0_0_, stock0_.toy_price as toy4_0_0_, stock0_.is_recalled as is5_0_0_, stock0_.toy_stock as toy6_0_0_ from toys stock0_ where stock0_.toy_id=?
2015-11-23 17:22:43 DEBUG SessionFactoryObjectFactory:39 - initializing class SessionFactoryObjectFactory
2015-11-23 17:22:43 DEBUG SessionFactoryObjectFactory:76 - registered: 8a8589045136712301513671242d0000 (unnamed)
2015-11-23 17:22:43 INFO  SessionFactoryObjectFactory:82 - Not binding factory to JNDI, no JNDI name configured
2015-11-23 17:22:43 DEBUG SessionFactoryImpl:308 - instantiated session factory
2015-11-23 17:22:43 INFO  SchemaUpdate:115 - Running hbm2ddl schema update
2015-11-23 17:22:43 INFO  SchemaUpdate:126 - fetching database metadata
2015-11-23 17:22:43 DEBUG BasicResourcePool:1644 - trace com.mchange.v2.resourcepool.BasicResourcePool@15b1773 [managed: 2, unused: 1, excluded: 0] (e.g. com.mchange.v2.c3p0.impl.NewPooledConnection@13d1402)
2015-11-23 17:22:43 INFO  SchemaUpdate:138 - updating schema
2015-11-23 17:22:43 DEBUG AnnotationConfiguration:235 - Execute first pass mapping processing
2015-11-23 17:22:43 DEBUG AnnotationConfiguration:435 - Process hbm files
2015-11-23 17:22:43 DEBUG AnnotationConfiguration:443 - Process annotated classes
2015-11-23 17:22:43 DEBUG AnnotationConfiguration:329 - processing manytoone fk mappings
2015-11-23 17:22:43 DEBUG Configuration:1120 - processing extends queue
2015-11-23 17:22:43 DEBUG Configuration:1124 - processing collection mappings
2015-11-23 17:22:43 DEBUG Configuration:1135 - processing native query and ResultSetMapping mappings
2015-11-23 17:22:43 DEBUG Configuration:1143 - processing association property references
2015-11-23 17:22:43 DEBUG Configuration:1165 - processing foreign key constraints
2015-11-23 17:22:43 DEBUG ClassValidator:167 - ResourceBundle ValidatorMessages not found in thread context classloader
2015-11-23 17:22:43 DEBUG ClassValidator:177 - ResourceBundle ValidatorMessages not found in Validator classloader. Delegate to org.hibernate.validator.resources.DefaultValidatorMessages
2015-11-23 17:22:44 INFO  TableMetadata:39 - table found: TRAINEE1.TOYS
2015-11-23 17:22:44 INFO  TableMetadata:40 - columns: [is_recalled, toy_stock, toy_id, toy_price, toy_desc, toy_name]
2015-11-23 17:22:44 INFO  TableMetadata:42 - foreign keys: []
2015-11-23 17:22:44 INFO  TableMetadata:43 - indexes: [toy_name_uk, toy_id_pk]
2015-11-23 17:22:44 INFO  SchemaUpdate:160 - schema update complete
2015-11-23 17:22:44 DEBUG GooGooStatementCache:297 - checkinAll(): com.mchange.v2.c3p0.stmt.GlobalMaxOnlyStatementCache stats -- total size: 0; checked out: 0; num connections: 0; num keys: 0
2015-11-23 17:22:44 DEBUG BasicResourcePool:1644 - trace com.mchange.v2.resourcepool.BasicResourcePool@15b1773 [managed: 2, unused: 1, excluded: 0] (e.g. com.mchange.v2.c3p0.impl.NewPooledConnection@13d1402)
2015-11-23 17:22:44 DEBUG GooGooStatementCache:297 - checkinAll(): com.mchange.v2.c3p0.stmt.GlobalMaxOnlyStatementCache stats -- total size: 0; checked out: 0; num connections: 0; num keys: 0
2015-11-23 17:22:44 DEBUG SessionFactoryImpl:392 - Checking 0 named HQL queries
2015-11-23 17:22:44 DEBUG SessionFactoryImpl:412 - Checking 0 named SQL queries
2015-11-23 17:22:44 DEBUG SessionImpl:220 - opened session at timestamp: 14483173643
2015-11-23 17:22:44 DEBUG JDBCTransaction:54 - begin
2015-11-23 17:22:44 DEBUG ConnectionManager:419 - opening JDBC connection
2015-11-23 17:22:44 DEBUG BasicResourcePool:1644 - trace com.mchange.v2.resourcepool.BasicResourcePool@15b1773 [managed: 2, unused: 1, excluded: 0] (e.g. com.mchange.v2.c3p0.impl.NewPooledConnection@13d1402)
2015-11-23 17:22:44 DEBUG JDBCTransaction:59 - current autocommit status: true
2015-11-23 17:22:44 DEBUG JDBCTransaction:62 - disabling autocommit
2015-11-23 17:22:44 DEBUG JDBCContext:210 - after transaction begin
2015-11-23 17:22:44 DEBUG IdentifierValue:77 - id unsaved-value strategy UNDEFINED
2015-11-23 17:22:44 DEBUG AbstractSaveEventListener:514 - transient instance of: com.fdmgroup.toystore.Stock
2015-11-23 17:22:44 DEBUG DefaultPersistEventListener:124 - saving transient instance
2015-11-23 17:22:44 DEBUG AbstractSaveEventListener:112 - generated identifier: 11, using strategy: org.hibernate.id.Assigned
2015-11-23 17:22:44 DEBUG AbstractSaveEventListener:153 - saving [com.fdmgroup.toystore.Stock#11]
2015-11-23 17:22:44 DEBUG JDBCTransaction:103 - commit
2015-11-23 17:22:44 DEBUG SessionImpl:337 - automatically flushing session
2015-11-23 17:22:44 DEBUG AbstractFlushingEventListener:58 - flushing session
2015-11-23 17:22:44 DEBUG AbstractFlushingEventListener:111 - processing flush-time cascades
2015-11-23 17:22:44 DEBUG Cascade:115 - processing cascade ACTION_PERSIST_ON_FLUSH for: com.fdmgroup.toystore.Stock
2015-11-23 17:22:44 DEBUG Cascade:150 - done processing cascade ACTION_PERSIST_ON_FLUSH for: com.fdmgroup.toystore.Stock
2015-11-23 17:22:44 DEBUG AbstractFlushingEventListener:154 - dirty checking collections
2015-11-23 17:22:44 DEBUG AbstractFlushingEventListener:171 - Flushing entities and processing referenced collections
2015-11-23 17:22:44 DEBUG AbstractFlushingEventListener:210 - Processing unreferenced collections
2015-11-23 17:22:44 DEBUG AbstractFlushingEventListener:224 - Scheduling collection removes/(re)creates/updates
2015-11-23 17:22:44 DEBUG AbstractFlushingEventListener:85 - Flushed: 1 insertions, 0 updates, 0 deletions to 1 objects
2015-11-23 17:22:44 DEBUG AbstractFlushingEventListener:91 - Flushed: 0 (re)creations, 0 updates, 0 removals to 0 collections
2015-11-23 17:22:44 DEBUG Printer:83 - listing entities:
2015-11-23 17:22:44 DEBUG Printer:90 - com.fdmgroup.toystore.Stock{productDesc=Child Version, stock=25, productRecalled=false, productPrice=13.99, productName=Dora Explorer, productID=11}
2015-11-23 17:22:44 DEBUG AbstractFlushingEventListener:290 - executing flush
2015-11-23 17:22:44 DEBUG ConnectionManager:467 - registering flush begin
2015-11-23 17:22:44 DEBUG AbstractEntityPersister:2200 - Inserting entity: [com.fdmgroup.toystore.Stock#11]
2015-11-23 17:22:44 DEBUG AbstractBatcher:358 - about to open PreparedStatement (open PreparedStatements: 0, globally: 0)
2015-11-23 17:22:44 DEBUG SQL:393 - 
    insert 
    into
        toys
        (toy_name, toy_desc, toy_price, is_recalled, toy_stock, toy_id) 
    values
        (?, ?, ?, ?, ?, ?)
2015-11-23 17:22:44 DEBUG AbstractBatcher:476 - preparing statement
2015-11-23 17:22:44 DEBUG GooGooStatementCache:457 - cxnStmtMgr.statementSet( oracle.jdbc.driver.T4CConnection@174aa60 ).size(): 1
2015-11-23 17:22:44 DEBUG GooGooStatementCache:196 - checkoutStatement: com.mchange.v2.c3p0.stmt.GlobalMaxOnlyStatementCache stats -- total size: 1; checked out: 1; num connections: 1; num keys: 1
2015-11-23 17:22:44 DEBUG AbstractEntityPersister:1988 - Dehydrating entity: [com.fdmgroup.toystore.Stock#11]
2015-11-23 17:22:44 DEBUG StringType:133 - binding 'Dora Explorer' to parameter: 1
2015-11-23 17:22:44 DEBUG StringType:133 - binding 'Child Version' to parameter: 2
2015-11-23 17:22:44 DEBUG BigDecimalType:133 - binding '13.99' to parameter: 3
2015-11-23 17:22:44 DEBUG BooleanType:133 - binding 'false' to parameter: 4
2015-11-23 17:22:44 DEBUG IntegerType:133 - binding '25' to parameter: 5
2015-11-23 17:22:44 DEBUG IntegerType:133 - binding '11' to parameter: 6
2015-11-23 17:22:44 DEBUG AbstractBatcher:44 - Executing batch size: 1
2015-11-23 17:22:44 DEBUG Expectations:53 - success of batch update unknown: 0
2015-11-23 17:22:44 DEBUG AbstractBatcher:366 - about to close PreparedStatement (open PreparedStatements: 1, globally: 1)
2015-11-23 17:22:44 DEBUG AbstractBatcher:525 - closing statement
2015-11-23 17:22:44 DEBUG GooGooStatementCache:271 - checkinStatement(): com.mchange.v2.c3p0.stmt.GlobalMaxOnlyStatementCache stats -- total size: 1; checked out: 0; num connections: 1; num keys: 1
2015-11-23 17:22:44 DEBUG ConnectionManager:476 - registering flush end
2015-11-23 17:22:44 DEBUG AbstractFlushingEventListener:321 - post flush
2015-11-23 17:22:44 DEBUG JDBCContext:201 - before transaction completion
2015-11-23 17:22:44 DEBUG SessionImpl:393 - before transaction completion
2015-11-23 17:22:44 DEBUG JDBCTransaction:193 - re-enabling autocommit
2015-11-23 17:22:44 DEBUG JDBCTransaction:116 - committed JDBC Connection
2015-11-23 17:22:44 DEBUG JDBCContext:215 - after transaction completion
2015-11-23 17:22:44 DEBUG ConnectionManager:402 - aggressively releasing JDBC connection
2015-11-23 17:22:44 DEBUG ConnectionManager:439 - releasing JDBC connection [ (open PreparedStatements: 0, globally: 0) (open ResultSets: 0, globally: 0)]
2015-11-23 17:22:44 DEBUG GooGooStatementCache:297 - checkinAll(): com.mchange.v2.c3p0.stmt.GlobalMaxOnlyStatementCache stats -- total size: 1; checked out: 0; num connections: 1; num keys: 1
2015-11-23 17:22:44 DEBUG BasicResourcePool:1644 - trace com.mchange.v2.resourcepool.BasicResourcePool@15b1773 [managed: 2, unused: 1, excluded: 0] (e.g. com.mchange.v2.c3p0.impl.NewPooledConnection@13d1402)
2015-11-23 17:22:44 DEBUG SessionImpl:422 - after transaction completion
2015-11-23 17:22:44 DEBUG GooGooStatementCache:297 - checkinAll(): com.mchange.v2.c3p0.stmt.GlobalMaxOnlyStatementCache stats -- total size: 1; checked out: 0; num connections: 1; num keys: 1
2015-11-23 17:22:44 DEBUG SessionImpl:273 - closing session
2015-11-23 17:22:44 DEBUG ConnectionManager:373 - connection already null in cleanup : no action
